  Triangles.cpp
  Squares.cpp
  SATCollisions.cpp
c:\users\gameuser\desktop\sat submission\sat\sfml base\satcollisions.cpp(31): warning C4018: '<': signed/unsigned mismatch
c:\users\gameuser\desktop\sat submission\sat\sfml base\satcollisions.cpp(38): warning C4018: '<': signed/unsigned mismatch
c:\users\gameuser\desktop\sat submission\sat\sfml base\satcollisions.cpp(71): warning C4018: '<': signed/unsigned mismatch
c:\users\gameuser\desktop\sat submission\sat\sfml base\satcollisions.cpp(76): warning C4018: '<': signed/unsigned mismatch
  QuadTree.cpp
  Objects.cpp
c:\users\gameuser\desktop\sat submission\sat\sfml base\objects.cpp(13): warning C4244: '=': conversion from 'int' to 'float', possible loss of data
c:\users\gameuser\desktop\sat submission\sat\sfml base\objects.cpp(37): warning C4244: '=': conversion from 'double' to 'float', possible loss of data
c:\users\gameuser\desktop\sat submission\sat\sfml base\objects.cpp(85): warning C4018: '<': signed/unsigned mismatch
c:\users\gameuser\desktop\sat submission\sat\sfml base\objects.cpp(87): warning C4244: '=': conversion from 'double' to 'float', possible loss of data
  Main.cpp
c:\users\gameuser\desktop\sat submission\sat\sfml base\main.cpp(54): warning C4244: 'argument': conversion from 'time_t' to 'unsigned int', possible loss of data
c:\users\gameuser\desktop\sat submission\sat\sfml base\main.cpp(68): warning C4244: 'argument': conversion from 'int' to 'float', possible loss of data
c:\users\gameuser\desktop\sat submission\sat\sfml base\main.cpp(69): warning C4244: 'argument': conversion from 'int' to 'float', possible loss of data
  CollisionDetection.cpp
  Generating Code...
sfml-graphics-d.lib(sfml-graphics-d-2.dll) : fatal error LNK1112: module machine type 'x64' conflicts with target machine type 'X86'
