Build started 23/11/2015 16:25:12.
     1>Project "C:\Users\c00177077\Desktop\SAT Submission\SAT\SFML Base\SFML Base.vcxproj" on node 2 (Build target(s)).
     1>ClCompile:
         C:\Program Files (x86)\Microsoft Visual Studio 12.0\VC\bin\CL.exe /c /Zi /nologo /W3 /WX- /O2 /Oi /Oy- /GL /D WIN32 /D NDEBUG /D _CONSOLE /D _LIB /D _UNICODE /D UNICODE /Gm- /EHsc /MD /GS /Gy /fp:precise /Zc:wchar_t /Zc:forScope /Fo"Release\\" /Fd"Release\vc120.pdb" /Gd /TP /analyze- /errorReport:prompt CollisionDetection.cpp Main.cpp Objects.cpp QuadTree.cpp SATCollisions.cpp Squares.cpp Triangles.cpp
         CollisionDetection.cpp
     1>c:\users\c00177077\desktop\sat submission\sat\sfml base\CollisionDetection.h(7): fatal error C1083: Cannot open include file: 'SFML/Graphics.hpp': No such file or directory
         Main.cpp
     1>Main.cpp(25): fatal error C1083: Cannot open include file: 'SFML/Graphics.hpp': No such file or directory
         Objects.cpp
     1>c:\users\c00177077\desktop\sat submission\sat\sfml base\Objects.h(7): fatal error C1083: Cannot open include file: 'SFML/Graphics.hpp': No such file or directory
         QuadTree.cpp
     1>c:\users\c00177077\desktop\sat submission\sat\sfml base\Quadtree.h(9): fatal error C1083: Cannot open include file: 'SFML/Graphics/RenderTarget.hpp': No such file or directory
         SATCollisions.cpp
     1>c:\users\c00177077\desktop\sat submission\sat\sfml base\SATCollisions.h(7): fatal error C1083: Cannot open include file: 'SFML/Graphics.hpp': No such file or directory
         Squares.cpp
     1>c:\users\c00177077\desktop\sat submission\sat\sfml base\Squares.h(7): fatal error C1083: Cannot open include file: 'SFML/Graphics.hpp': No such file or directory
         Triangles.cpp
     1>c:\users\c00177077\desktop\sat submission\sat\sfml base\Triangles.h(7): fatal error C1083: Cannot open include file: 'SFML/Graphics.hpp': No such file or directory
     1>Done Building Project "C:\Users\c00177077\Desktop\SAT Submission\SAT\SFML Base\SFML Base.vcxproj" (Build target(s)) -- FAILED.

Build FAILED.

Time Elapsed 00:00:00.39
